[2015-07-06 16:54:51.448] [INFO] pomelo - [32m[/Users/mac/Server/pomelo/projects/Tetris/game-server/node_modules/pomelo/lib/application.js] [39mapplication inited: "connector-server-1"
[2015-07-06 16:54:51.762] [INFO] pomelo - [32m[/Users/mac/Server/pomelo/projects/Tetris/game-server/node_modules/pomelo/lib/application.js] [39m"connector-server-1" enter after start...
[2015-07-06 16:54:51.764] [INFO] pomelo - [32m[/Users/mac/Server/pomelo/projects/Tetris/game-server/node_modules/pomelo/lib/application.js] [39m"connector-server-1" finish start
[2015-07-06 16:54:51.764] [INFO] pomelo - [32m[/Users/mac/Server/pomelo/projects/Tetris/game-server/node_modules/pomelo/lib/application.js] [39m"connector-server-1" startup in 274 ms
[2015-07-06 16:55:16.296] [DEBUG] pomelo - [36m[/Users/mac/Server/pomelo/projects/Tetris/game-server/node_modules/pomelo/lib/components/connector.js] [39m[connector-server-1] getSession session is created with session id: 1
[2015-07-06 16:55:16.301] [DEBUG] pomelo - [36m[/Users/mac/Server/pomelo/projects/Tetris/game-server/node_modules/pomelo/lib/components/connector.js] [39m[connector-server-1] handleMessage session id: 1, msg: {"id":1,"type":0,"compressRoute":0,"route":"connector.entryHandler.entry","body":"hello pomelo","compressGzip":0}
[2015-07-06 16:55:16.303] [DEBUG] pomelo - [36m[/Users/mac/Server/pomelo/projects/Tetris/game-server/node_modules/pomelo/lib/components/connector.js] [39m[connector-server-1] send message reqId: 1, route: connector.entryHandler.entry, msg: {"code":200,"msg":"game server is ok."}, receivers: [1], opts: {"type":"response","userOptions":{},"isResponse":true}
[2015-07-06 17:33:38.417] [INFO] pomelo - [32m[/Users/mac/Server/pomelo/projects/Tetris/game-server/node_modules/pomelo/lib/application.js] [39mapplication inited: "connector-server-1"
[2015-07-06 17:33:38.821] [INFO] pomelo - [32m[/Users/mac/Server/pomelo/projects/Tetris/game-server/node_modules/pomelo/lib/application.js] [39m"connector-server-1" enter after start...
[2015-07-06 17:33:38.823] [INFO] pomelo - [32m[/Users/mac/Server/pomelo/projects/Tetris/game-server/node_modules/pomelo/lib/application.js] [39m"connector-server-1" finish start
[2015-07-06 17:33:38.823] [INFO] pomelo - [32m[/Users/mac/Server/pomelo/projects/Tetris/game-server/node_modules/pomelo/lib/application.js] [39m"connector-server-1" startup in 351 ms
[2015-07-06 17:33:49.349] [DEBUG] pomelo - [36m[/Users/mac/Server/pomelo/projects/Tetris/game-server/node_modules/pomelo/lib/components/connector.js] [39m[connector-server-1] getSession session is created with session id: 1
[2015-07-06 17:33:49.353] [DEBUG] pomelo - [36m[/Users/mac/Server/pomelo/projects/Tetris/game-server/node_modules/pomelo/lib/components/connector.js] [39m[connector-server-1] handleMessage session id: 1, msg: {"id":1,"type":0,"compressRoute":0,"route":"connector.entryHandler.login","body":{"name":"zhangsan"},"compressGzip":0}
[2015-07-06 17:33:49.355] [DEBUG] pomelo - [36m[/Users/mac/Server/pomelo/projects/Tetris/game-server/node_modules/pomelo/lib/components/connector.js] [39msession on [connector-server-1] bind with uid: 1
[2015-07-06 17:33:49.356] [DEBUG] pomelo - [36m[/Users/mac/Server/pomelo/projects/Tetris/game-server/node_modules/pomelo/lib/components/connector.js] [39m[connector-server-1] send message reqId: 1, route: connector.entryHandler.login, msg: {"code":200,"playerId":1}, receivers: [1], opts: {"type":"response","userOptions":{},"isResponse":true}
[2015-07-06 17:34:13.736] [DEBUG] pomelo - [36m[/Users/mac/Server/pomelo/projects/Tetris/game-server/node_modules/pomelo/lib/common/service/sessionService.js] [39msession on [connector-server-1] is closed with session id: 1
[2015-07-06 17:34:16.740] [DEBUG] pomelo - [36m[/Users/mac/Server/pomelo/projects/Tetris/game-server/node_modules/pomelo/lib/components/connector.js] [39m[connector-server-1] getSession session is created with session id: 2
[2015-07-06 17:34:16.746] [DEBUG] pomelo - [36m[/Users/mac/Server/pomelo/projects/Tetris/game-server/node_modules/pomelo/lib/components/connector.js] [39m[connector-server-1] handleMessage session id: 2, msg: {"id":1,"type":0,"compressRoute":0,"route":"connector.entryHandler.login","body":{"name":"lisi"},"compressGzip":0}
[2015-07-06 17:34:16.746] [DEBUG] pomelo - [36m[/Users/mac/Server/pomelo/projects/Tetris/game-server/node_modules/pomelo/lib/components/connector.js] [39msession on [connector-server-1] bind with uid: 2
[2015-07-06 17:34:16.748] [DEBUG] pomelo - [36m[/Users/mac/Server/pomelo/projects/Tetris/game-server/node_modules/pomelo/lib/components/connector.js] [39m[connector-server-1] send message reqId: 1, route: connector.entryHandler.login, msg: {"code":200,"playerId":2}, receivers: [2], opts: {"type":"response","userOptions":{},"isResponse":true}
[2015-07-06 17:35:58.199] [DEBUG] pomelo - [36m[/Users/mac/Server/pomelo/projects/Tetris/game-server/node_modules/pomelo/lib/common/service/sessionService.js] [39msession on [connector-server-1] is closed with session id: 2
[2015-07-06 17:35:59.513] [DEBUG] pomelo - [36m[/Users/mac/Server/pomelo/projects/Tetris/game-server/node_modules/pomelo/lib/components/connector.js] [39m[connector-server-1] getSession session is created with session id: 3
[2015-07-06 17:35:59.517] [DEBUG] pomelo - [36m[/Users/mac/Server/pomelo/projects/Tetris/game-server/node_modules/pomelo/lib/components/connector.js] [39m[connector-server-1] handleMessage session id: 3, msg: {"id":1,"type":0,"compressRoute":0,"route":"connector.entryHandler.login","body":{"name":"ss"},"compressGzip":0}
[2015-07-06 17:35:59.518] [DEBUG] pomelo - [36m[/Users/mac/Server/pomelo/projects/Tetris/game-server/node_modules/pomelo/lib/components/connector.js] [39msession on [connector-server-1] bind with uid: 3
[2015-07-06 17:35:59.518] [DEBUG] pomelo - [36m[/Users/mac/Server/pomelo/projects/Tetris/game-server/node_modules/pomelo/lib/components/connector.js] [39m[connector-server-1] send message reqId: 1, route: connector.entryHandler.login, msg: {"code":200,"playerId":3}, receivers: [3], opts: {"type":"response","userOptions":{},"isResponse":true}
[2015-07-06 17:36:06.367] [DEBUG] pomelo - [36m[/Users/mac/Server/pomelo/projects/Tetris/game-server/node_modules/pomelo/lib/common/service/sessionService.js] [39msession on [connector-server-1] is closed with session id: 3
[2015-07-06 17:36:07.713] [DEBUG] pomelo - [36m[/Users/mac/Server/pomelo/projects/Tetris/game-server/node_modules/pomelo/lib/components/connector.js] [39m[connector-server-1] getSession session is created with session id: 4
[2015-07-06 17:36:07.715] [DEBUG] pomelo - [36m[/Users/mac/Server/pomelo/projects/Tetris/game-server/node_modules/pomelo/lib/components/connector.js] [39m[connector-server-1] handleMessage session id: 4, msg: {"id":1,"type":0,"compressRoute":0,"route":"connector.entryHandler.login","body":{"name":"ss"},"compressGzip":0}
[2015-07-06 17:36:07.716] [DEBUG] pomelo - [36m[/Users/mac/Server/pomelo/projects/Tetris/game-server/node_modules/pomelo/lib/components/connector.js] [39msession on [connector-server-1] bind with uid: 4
[2015-07-06 17:36:07.718] [DEBUG] pomelo - [36m[/Users/mac/Server/pomelo/projects/Tetris/game-server/node_modules/pomelo/lib/components/connector.js] [39m[connector-server-1] send message reqId: 1, route: connector.entryHandler.login, msg: {"code":200,"playerId":4}, receivers: [4], opts: {"type":"response","userOptions":{},"isResponse":true}
[2015-07-06 17:36:18.409] [DEBUG] pomelo - [36m[/Users/mac/Server/pomelo/projects/Tetris/game-server/node_modules/pomelo/lib/common/service/sessionService.js] [39msession on [connector-server-1] is closed with session id: 4
[2015-07-06 17:36:22.754] [DEBUG] pomelo - [36m[/Users/mac/Server/pomelo/projects/Tetris/game-server/node_modules/pomelo/lib/components/connector.js] [39m[connector-server-1] getSession session is created with session id: 5
[2015-07-06 17:36:22.757] [DEBUG] pomelo - [36m[/Users/mac/Server/pomelo/projects/Tetris/game-server/node_modules/pomelo/lib/components/connector.js] [39m[connector-server-1] handleMessage session id: 5, msg: {"id":1,"type":0,"compressRoute":0,"route":"connector.entryHandler.login","body":{"name":"ss"},"compressGzip":0}
[2015-07-06 17:36:22.757] [DEBUG] pomelo - [36m[/Users/mac/Server/pomelo/projects/Tetris/game-server/node_modules/pomelo/lib/components/connector.js] [39msession on [connector-server-1] bind with uid: 5
[2015-07-06 17:36:22.757] [DEBUG] pomelo - [36m[/Users/mac/Server/pomelo/projects/Tetris/game-server/node_modules/pomelo/lib/components/connector.js] [39m[connector-server-1] send message reqId: 1, route: connector.entryHandler.login, msg: {"code":200,"playerId":5}, receivers: [5], opts: {"type":"response","userOptions":{},"isResponse":true}
[2015-07-06 20:56:06.564] [INFO] pomelo - [32m[/Users/dai/server/pomelo/projects/Tetris/game-server/node_modules/pomelo/lib/application.js] [39mapplication inited: "connector-server-1"
[2015-07-06 21:27:14.778] [INFO] pomelo - [32m[/Users/dai/server/pomelo/projects/Tetris/game-server/node_modules/pomelo/lib/application.js] [39mapplication inited: "connector-server-1"
[2015-07-06 21:27:15.101] [INFO] pomelo - [32m[/Users/dai/server/pomelo/projects/Tetris/game-server/node_modules/pomelo/lib/application.js] [39m"connector-server-1" enter after start...
[2015-07-06 21:27:15.103] [INFO] pomelo - [32m[/Users/dai/server/pomelo/projects/Tetris/game-server/node_modules/pomelo/lib/application.js] [39m"connector-server-1" finish start
[2015-07-06 21:27:15.103] [INFO] pomelo - [32m[/Users/dai/server/pomelo/projects/Tetris/game-server/node_modules/pomelo/lib/application.js] [39m"connector-server-1" startup in 284 ms
[2015-07-06 21:27:48.787] [DEBUG] pomelo - [36m[/Users/dai/server/pomelo/projects/Tetris/game-server/node_modules/pomelo/lib/components/connector.js] [39m[connector-server-1] getSession session is created with session id: 1
[2015-07-06 21:27:48.791] [DEBUG] pomelo - [36m[/Users/dai/server/pomelo/projects/Tetris/game-server/node_modules/pomelo/lib/components/connector.js] [39m[connector-server-1] handleMessage session id: 1, msg: {"id":1,"type":0,"compressRoute":0,"route":"connector.entryHandler.login","body":{"name":"zhangsan"},"compressGzip":0}
[2015-07-06 21:27:48.793] [DEBUG] pomelo - [36m[/Users/dai/server/pomelo/projects/Tetris/game-server/node_modules/pomelo/lib/components/connector.js] [39msession on [connector-server-1] bind with uid: 1
[2015-07-06 21:27:48.794] [DEBUG] pomelo - [36m[/Users/dai/server/pomelo/projects/Tetris/game-server/node_modules/pomelo/lib/components/connector.js] [39m[connector-server-1] send message reqId: 1, route: connector.entryHandler.login, msg: {"code":200,"playerId":1}, receivers: [1], opts: {"type":"response","userOptions":{},"isResponse":true}
[2015-07-06 21:27:59.878] [DEBUG] pomelo - [36m[/Users/dai/server/pomelo/projects/Tetris/game-server/node_modules/pomelo/lib/components/connector.js] [39m[connector-server-1] getSession session is created with session id: 2
[2015-07-06 21:27:59.881] [DEBUG] pomelo - [36m[/Users/dai/server/pomelo/projects/Tetris/game-server/node_modules/pomelo/lib/components/connector.js] [39m[connector-server-1] handleMessage session id: 2, msg: {"id":1,"type":0,"compressRoute":0,"route":"connector.entryHandler.login","body":{"name":"zhangsan"},"compressGzip":0}
[2015-07-06 21:27:59.881] [DEBUG] pomelo - [36m[/Users/dai/server/pomelo/projects/Tetris/game-server/node_modules/pomelo/lib/components/connector.js] [39msession on [connector-server-1] bind with uid: 2
[2015-07-06 21:27:59.882] [DEBUG] pomelo - [36m[/Users/dai/server/pomelo/projects/Tetris/game-server/node_modules/pomelo/lib/components/connector.js] [39m[connector-server-1] send message reqId: 1, route: connector.entryHandler.login, msg: {"code":200,"playerId":2}, receivers: [2], opts: {"type":"response","userOptions":{},"isResponse":true}
